
~~Fri Sep  9 02:55:42 2022
	Info log::[+] Client Socket Created
-------------

~~Fri Sep  9 02:55:42 2022
	Info log::[+] Client bind to port number and ip_address: 
-------------

~~Fri Sep  9 02:55:42 2022
	Fatal log ::connect() error: 
-------------

~~Fri Sep  9 02:55:48 2022
	Info log::[+] Client Socket Created
-------------

~~Fri Sep  9 02:55:48 2022
	Info log::[+] Client bind to port number and ip_address: 
-------------

~~Fri Sep  9 02:55:48 2022
	Fatal log ::connect() error: 
-------------

~~Fri Sep  9 02:56:35 2022
	Info log::[+] Client Socket Created
-------------

~~Fri Sep  9 02:56:35 2022
	Info log::[+] Client bind to port number and ip_address: 
-------------

~~Fri Sep  9 02:56:35 2022
	Fatal log ::connect() error: 
-------------

~~Fri Sep  9 02:56:52 2022
	Info log::[+] Client Socket Created
-------------

~~Fri Sep  9 02:56:52 2022
	Info log::[+] Client bind to port number and ip_address: 
-------------

~~Fri Sep  9 02:56:52 2022
	Fatal log ::connect() error: 
-------------

~~Fri Sep  9 02:59:35 2022
	Info log::[+] Client Socket Created
-------------

~~Fri Sep  9 02:59:35 2022
	Info log::[+] Client bind to port number and ip_address: 
-------------

~~Fri Sep  9 02:59:35 2022
	Fatal log ::connect() error: 
-------------

~~Fri Sep  9 02:59:41 2022
	Info log::[+] Client Socket Created
-------------

~~Fri Sep  9 02:59:41 2022
	Info log::[+] Client bind to port number and ip_address: 
-------------

~~Fri Sep  9 02:59:41 2022
	Fatal log ::connect() error: 
-------------

~~Fri Sep  9 02:59:58 2022
	Info log::[+] Client Socket Created
-------------

~~Fri Sep  9 02:59:58 2022
	Info log::[+] Client bind to port number and ip_address: 
-------------

~~Fri Sep  9 02:59:58 2022
	Fatal log ::connect() error: 
-------------

~~Fri Sep  9 03:00:13 2022
	Info log::[+] Client Socket Created
-------------

~~Fri Sep  9 03:00:13 2022
	Info log::[+] Client bind to port number and ip_address: 
-------------

~~Fri Sep  9 03:00:13 2022
	Fatal log ::connect() error: 
-------------
