
~~Fri Sep  9 00:40:45 2022
	Info log::[+] Server Socket Created
-------------

~~Fri Sep  9 00:40:45 2022
	Info log::[+] Server bind to %d port number
-------------

~~Fri Sep  9 00:40:45 2022
	Info log::[+] Server listening to the clients
-------------

~~Fri Sep  9 00:40:50 2022
	Info log::[+] Server accepts the client
-------------

~~Fri Sep  9 00:41:01 2022
	Info log::[+] Adding the client sockfds to the list
-------------

~~Fri Sep  9 00:41:01 2022
	Info log::[+] Server accepts the client
-------------

~~Fri Sep  9 00:41:12 2022
	Info log::[+] Adding the client sockfds to the list
-------------

~~Fri Sep  9 00:41:40 2022
	Info log::[+] Server Socket Created
-------------

~~Fri Sep  9 00:41:40 2022
	Info log::[+] Server bind to %d port number
-------------

~~Fri Sep  9 00:41:40 2022
	Info log::[+] Server listening to the clients
-------------

~~Fri Sep  9 00:41:43 2022
	Info log::[+] Server accepts the client
-------------

~~Fri Sep  9 00:41:55 2022
	Info log::[+] Adding the client sockfds to the list
-------------

~~Fri Sep  9 00:41:55 2022
	Info log::[+] Server accepts the client
-------------

~~Fri Sep  9 00:42:35 2022
	Info log::[+] Adding the client sockfds to the list
-------------

~~Fri Sep  9 02:54:00 2022
	Info log::[+] Server Socket Created
-------------

~~Fri Sep  9 02:54:00 2022
	Info log::[+] Server bind to %d port number
-------------

~~Fri Sep  9 02:54:00 2022
	Info log::[+] Server listening to the clients
-------------

~~Fri Sep  9 02:56:35 2022
	Info log::[+] Server accepts the client
-------------

~~Fri Sep  9 02:56:35 2022
	Info log::[+] Adding the client sockfds to the list
-------------

~~Fri Sep  9 02:56:52 2022
	Info log::[+] Server accepts the client
-------------

~~Fri Sep  9 02:56:52 2022
	Info log::[+] Adding the client sockfds to the list
-------------

~~Fri Sep  9 02:59:30 2022
	Info log::[+] Server Socket Created
-------------

~~Fri Sep  9 02:59:30 2022
	Info log::[+] Server bind to %d port number
-------------

~~Fri Sep  9 02:59:30 2022
	Info log::[+] Server listening to the clients
-------------

~~Fri Sep  9 02:59:41 2022
	Info log::[+] Server accepts the client
-------------

~~Fri Sep  9 02:59:41 2022
	Info log::[+] Adding the client sockfds to the list
-------------

~~Fri Sep  9 02:59:58 2022
	Info log::[+] Server accepts the client
-------------

~~Fri Sep  9 02:59:58 2022
	Info log::[+] Adding the client sockfds to the list
-------------

~~Fri Sep  9 03:00:13 2022
	Info log::[+] Server accepts the client
-------------

~~Fri Sep  9 03:00:13 2022
	Info log::[+] Adding the client sockfds to the list
-------------

~~Fri Sep  9 03:02:47 2022
	Info log::[+] Server Socket Created
-------------

~~Fri Sep  9 03:02:47 2022
	Info log::[+] Server bind to %d port number
-------------

~~Fri Sep  9 03:02:47 2022
	Info log::[+] Server listening to the clients
-------------
