
~~Fri Sep  9 08:53:26 2022
	Info log: [+] Server Socket Created
-------------

~~Fri Sep  9 08:53:26 2022
	Info log: [+] Server bind to the port
-------------

~~Fri Sep  9 08:53:26 2022
	Info log: [+] Server listening to the clients
-------------

~~Fri Sep  9 08:57:58 2022
	Info log: [+] Server accepts the client
-------------

~~Fri Sep  9 08:58:05 2022
	Info log: [+] Adding the client sockfds to the list
-------------

~~Fri Sep  9 08:58:10 2022
	Info log: [+] Client disconnected 
-------------

~~Fri Sep  9 08:58:10 2022
	Info log: [+] Closing Socket 
-------------

~~Fri Sep  9 08:59:16 2022
	Info log: [+] Server Socket Created
-------------

~~Fri Sep  9 08:59:16 2022
	Info log: [+] Server bind to the port
-------------

~~Fri Sep  9 08:59:16 2022
	Info log: [+] Server listening to the clients
-------------

~~Fri Sep  9 08:59:23 2022
	Info log: [+] Server accepts the client
-------------

~~Fri Sep  9 08:59:26 2022
	Info log: [+] Adding the client sockfds to the list
-------------

~~Fri Sep  9 08:59:34 2022
	Info log: [+] Server accepts the client
-------------

~~Fri Sep  9 08:59:41 2022
	Info log: [+] Adding the client sockfds to the list
-------------

~~Fri Sep  9 08:59:45 2022
	Info log: [+] Client disconnected 
-------------

~~Fri Sep  9 08:59:45 2022
	Info log: [+] Closing Socket 
-------------

~~Fri Sep  9 09:01:45 2022
	Info log: [+] Server Socket Created
-------------

~~Fri Sep  9 09:01:45 2022
	Info log: [+] Server bind to the port
-------------

~~Fri Sep  9 09:01:45 2022
	Info log: [+] Server listening to the clients
-------------

~~Fri Sep  9 09:02:13 2022
	Info log: [+] Server accepts the client
-------------

~~Fri Sep  9 09:02:24 2022
	Info log: [+] Adding the client sockfds to the list
-------------

~~Fri Sep  9 09:02:24 2022
	Info log: [+] Client disconnected 
-------------

~~Fri Sep  9 09:02:24 2022
	Info log: [+] Closing Socket 
-------------

~~Fri Sep  9 09:02:27 2022
	Info log: [+] Server accepts the client
-------------

~~Fri Sep  9 09:02:43 2022
	Info log: [+] Adding the client sockfds to the list
-------------

~~Fri Sep  9 09:02:43 2022
	Info log: [+] Client disconnected 
-------------

~~Fri Sep  9 09:02:43 2022
	Info log: [+] Closing Socket 
-------------

~~Fri Sep  9 09:02:51 2022
	Info log: [+] Server accepts the client
-------------

~~Fri Sep  9 09:03:01 2022
	Info log: [+] Adding the client sockfds to the list
-------------

~~Fri Sep  9 09:03:08 2022
	Info log: [+] Server accepts the client
-------------

~~Fri Sep  9 09:03:19 2022
	Info log: [+] Adding the client sockfds to the list
-------------

~~Fri Sep  9 09:03:31 2022
	Info log: [+] Client disconnected 
-------------

~~Fri Sep  9 09:03:31 2022
	Info log: [+] Closing Socket 
-------------
