
~~Wed Sep  7 23:59:43 2022
	Info log::[+] Client Socket Created
-------------

~~Wed Sep  7 23:59:43 2022
	Info log::[+] Client bind to port number and ip_address: 
-------------

~~Wed Sep  7 23:59:43 2022
	Info log::[+] Client connected to the server
-------------

~~Thu Sep  8 00:00:12 2022
	Info log::[+] Client Socket Created
-------------

~~Thu Sep  8 00:00:12 2022
	Info log::[+] Client bind to port number and ip_address: 
-------------

~~Thu Sep  8 00:00:12 2022
	Info log::[+] Client connected to the server
-------------

~~Thu Sep  8 00:00:27 2022
	Info log::[+] Client Socket Created
-------------

~~Thu Sep  8 00:00:27 2022
	Info log::[+] Client bind to port number and ip_address: 
-------------

~~Thu Sep  8 00:00:27 2022
	Info log::[+] Client connected to the server
-------------

~~Thu Sep  8 00:00:39 2022
	Info log::[+] Client Socket Created
-------------

~~Thu Sep  8 00:00:39 2022
	Info log::[+] Client bind to port number and ip_address: 
-------------

~~Thu Sep  8 00:00:39 2022
	Info log::[+] Client connected to the server
-------------

~~Thu Sep  8 00:00:51 2022
	Info log::[+] Client Socket Created
-------------

~~Thu Sep  8 00:00:51 2022
	Info log::[+] Client bind to port number and ip_address: 
-------------

~~Thu Sep  8 00:00:51 2022
	Info log::[+] Client connected to the server
-------------

~~Thu Sep  8 00:01:08 2022
	Info log::[+] Client Socket Created
-------------

~~Thu Sep  8 00:01:08 2022
	Info log::[+] Client bind to port number and ip_address: 
-------------

~~Thu Sep  8 00:01:08 2022
	Info log::[+] Client connected to the server
-------------

~~Thu Sep  8 00:01:17 2022
	Info log::[+] Client Socket Created
-------------

~~Thu Sep  8 00:01:17 2022
	Info log::[+] Client bind to port number and ip_address: 
-------------

~~Thu Sep  8 00:01:17 2022
	Info log::[+] Client connected to the server
-------------

~~Thu Sep  8 00:02:36 2022
	Info log::[+] Client Socket Created
-------------

~~Thu Sep  8 00:02:36 2022
	Info log::[+] Client bind to port number and ip_address: 
-------------

~~Thu Sep  8 00:02:36 2022
	Info log::[+] Client connected to the server
-------------

~~Thu Sep  8 00:03:05 2022
	Info log::[+] Client Socket Created
-------------

~~Thu Sep  8 00:03:05 2022
	Info log::[+] Client bind to port number and ip_address: 
-------------

~~Thu Sep  8 00:03:05 2022
	Info log::[+] Client connected to the server
-------------

~~Thu Sep  8 00:03:16 2022
	Info log::[+] Client Socket Created
-------------

~~Thu Sep  8 00:03:16 2022
	Info log::[+] Client bind to port number and ip_address: 
-------------

~~Thu Sep  8 00:03:16 2022
	Info log::[+] Client connected to the server
-------------

~~Thu Sep  8 00:05:37 2022
	Info log::[+] Client Socket Created
-------------

~~Thu Sep  8 00:05:37 2022
	Info log::[+] Client bind to port number and ip_address: 
-------------

~~Thu Sep  8 00:05:37 2022
	Info log::[+] Client connected to the server
-------------

~~Thu Sep  8 00:05:57 2022
	Info log::[+] Client Socket Created
-------------

~~Thu Sep  8 00:05:57 2022
	Info log::[+] Client bind to port number and ip_address: 
-------------

~~Thu Sep  8 00:05:57 2022
	Info log::[+] Client connected to the server
-------------

~~Thu Sep  8 00:06:12 2022
	Info log::[+] Client Socket Created
-------------

~~Thu Sep  8 00:06:12 2022
	Info log::[+] Client bind to port number and ip_address: 
-------------

~~Thu Sep  8 00:06:12 2022
	Info log::[+] Client connected to the server
-------------

~~Thu Sep  8 00:06:22 2022
	Info log::[+] Client Socket Created
-------------

~~Thu Sep  8 00:06:22 2022
	Info log::[+] Client bind to port number and ip_address: 
-------------

~~Thu Sep  8 00:06:22 2022
	Info log::[+] Client connected to the server
-------------

~~Thu Sep  8 00:14:02 2022
	Info log::[+] Client Socket Created
-------------

~~Thu Sep  8 00:14:02 2022
	Info log::[+] Client bind to port number and ip_address: 
-------------

~~Thu Sep  8 00:14:02 2022
	Fatal log::connect() error: 
-------------

~~Thu Sep  8 00:23:51 2022
	Info log::[+] Client Socket Created
-------------

~~Thu Sep  8 00:23:51 2022
	Info log::[+] Client bind to port number and ip_address: 
-------------

~~Thu Sep  8 00:23:51 2022
	Info log::[+] Client connected to the server
-------------

~~Thu Sep  8 00:24:41 2022
	Info log::[+] Client Socket Created
-------------

~~Thu Sep  8 00:24:41 2022
	Info log::[+] Client bind to port number and ip_address: 
-------------

~~Thu Sep  8 00:24:41 2022
	Info log::[+] Client connected to the server
-------------

~~Thu Sep  8 00:25:36 2022
	Info log::[+] Client Socket Created
-------------

~~Thu Sep  8 00:25:36 2022
	Info log::[+] Client bind to port number and ip_address: 
-------------

~~Thu Sep  8 00:25:36 2022
	Info log::[+] Client connected to the server
-------------

~~Thu Sep  8 00:25:51 2022
	Info log::[+] Client Socket Created
-------------

~~Thu Sep  8 00:25:51 2022
	Info log::[+] Client bind to port number and ip_address: 
-------------

~~Thu Sep  8 00:25:51 2022
	Info log::[+] Client connected to the server
-------------

~~Thu Sep  8 00:32:53 2022
	Info log::[+] Client Socket Created
-------------

~~Thu Sep  8 00:32:53 2022
	Info log::[+] Client bind to port number and ip_address: 
-------------

~~Thu Sep  8 00:32:53 2022
	Info log::[+] Client connected to the server
-------------
