
~~Fri Sep  9 20:56:18 2022
	Info log: [+] Client Socket Created
-------------

~~Fri Sep  9 20:56:18 2022
	Info log: [+] Client bind to port
-------------

~~Fri Sep  9 20:56:18 2022
	Info log: [+] Client connected to the server
-------------

~~Fri Sep  9 21:00:41 2022
	Info log: [+] Client Socket Created
-------------

~~Fri Sep  9 21:00:41 2022
	Info log: [+] Client bind to port
-------------

~~Fri Sep  9 21:00:41 2022
	Info log: [+] Client connected to the server
-------------

~~Mon Sep 12 14:34:36 2022
	Info log: [+] Client Socket Created
-------------

~~Mon Sep 12 14:34:36 2022
	Info log: [+] Client bind to port
-------------

~~Mon Sep 12 14:34:36 2022
	Info log: [+] Client connected to the server
-------------

~~Mon Sep 12 14:34:59 2022
	Info log: [+] Client Socket Created
-------------

~~Mon Sep 12 14:34:59 2022
	Info log: [+] Client bind to port
-------------

~~Mon Sep 12 14:34:59 2022
	Info log: [+] Client connected to the server
-------------

~~Tue Sep 13 12:56:14 2022
	Info log: [+] Client Socket Created
-------------

~~Tue Sep 13 12:56:14 2022
	Info log: [+] Client bind to port
-------------

~~Tue Sep 13 12:56:14 2022
	Info log: [+] Client connected to the server
-------------

~~Tue Sep 13 12:57:22 2022
	Info log: [+] Client Socket Created
-------------

~~Tue Sep 13 12:57:22 2022
	Info log: [+] Client bind to port
-------------

~~Tue Sep 13 12:57:22 2022
	Info log: [+] Client connected to the server
-------------

~~Tue Sep 13 12:58:09 2022
	Info log: [+] Client Socket Created
-------------

~~Tue Sep 13 12:58:09 2022
	Info log: [+] Client bind to port
-------------

~~Tue Sep 13 12:58:09 2022
	Info log: [+] Client connected to the server
-------------
