
~~Fri Sep  9 20:54:43 2022
	Info log: [+] Server Socket Created
-------------

~~Fri Sep  9 20:54:43 2022
	Info log: [+] Server bind to the port
-------------

~~Fri Sep  9 20:54:43 2022
	Info log: [+] Server listening to the clients
-------------

~~Fri Sep  9 20:55:56 2022
	Info log: [+] Server Socket Created
-------------

~~Fri Sep  9 20:55:56 2022
	Info log: [+] Server bind to the port
-------------

~~Fri Sep  9 20:55:56 2022
	Info log: [+] Server listening to the clients
-------------

~~Fri Sep  9 20:56:18 2022
	Info log: [+] Server accepts the client
-------------

~~Fri Sep  9 20:56:23 2022
	Info log: [+] Adding the client sockfds to the list
-------------

~~Fri Sep  9 20:56:27 2022
	Info log: [+] Server accepts the client
-------------

~~Fri Sep  9 20:56:34 2022
	Info log: [+] Adding the client sockfds to the list
-------------

~~Fri Sep  9 20:56:58 2022
	Info log: [+] Client disconnected 
-------------

~~Fri Sep  9 20:56:59 2022
	Info log: [+] Client disconnected 
-------------

~~Fri Sep  9 21:00:04 2022
	Info log: [+] Server Socket Created
-------------

~~Fri Sep  9 21:00:04 2022
	Info log: [+] Server bind to the port
-------------

~~Fri Sep  9 21:00:04 2022
	Info log: [+] Server listening to the clients
-------------

~~Fri Sep  9 21:00:10 2022
	Info log: [+] Server accepts the client
-------------

~~Fri Sep  9 21:00:16 2022
	Info log: [+] Adding the client sockfds to the list
-------------

~~Fri Sep  9 21:00:41 2022
	Info log: [+] Server accepts the client
-------------

~~Fri Sep  9 21:00:48 2022
	Info log: [+] Adding the client sockfds to the list
-------------

~~Fri Sep  9 21:01:14 2022
	Info log: [+] Client disconnected 
-------------

~~Fri Sep  9 21:01:17 2022
	Info log: [+] Client disconnected 
-------------

~~Mon Sep 12 14:34:11 2022
	Info log: [+] Server Socket Created
-------------

~~Mon Sep 12 14:34:11 2022
	Info log: [+] Server bind to the port
-------------

~~Mon Sep 12 14:34:11 2022
	Info log: [+] Server listening to the clients
-------------

~~Mon Sep 12 14:34:36 2022
	Info log: [+] Server accepts the client
-------------

~~Mon Sep 12 14:34:41 2022
	Info log: [+] Adding the client sockfds to the list
-------------

~~Mon Sep 12 14:34:59 2022
	Info log: [+] Server accepts the client
-------------

~~Mon Sep 12 14:35:04 2022
	Info log: [+] Adding the client sockfds to the list
-------------

~~Mon Sep 12 14:35:17 2022
	Info log: [+] Client disconnected 
-------------

~~Mon Sep 12 14:35:22 2022
	Info log: [+] Client disconnected 
-------------

~~Tue Sep 13 12:55:45 2022
	Info log: [+] Server Socket Created
-------------

~~Tue Sep 13 12:55:45 2022
	Info log: [+] Server bind to the port
-------------

~~Tue Sep 13 12:55:45 2022
	Info log: [+] Server listening to the clients
-------------

~~Tue Sep 13 12:56:14 2022
	Info log: [+] Server accepts the client
-------------

~~Tue Sep 13 12:56:19 2022
	Info log: [+] Adding the client sockfds to the list
-------------

~~Tue Sep 13 12:56:19 2022
	Info log: [+] Client disconnected 
-------------

~~Tue Sep 13 12:57:22 2022
	Info log: [+] Server accepts the client
-------------

~~Tue Sep 13 12:57:27 2022
	Info log: [+] Adding the client sockfds to the list
-------------

~~Tue Sep 13 12:58:09 2022
	Info log: [+] Server accepts the client
-------------

~~Tue Sep 13 12:58:23 2022
	Info log: [+] Adding the client sockfds to the list
-------------

~~Tue Sep 13 12:58:35 2022
	Info log: [+] Client disconnected 
-------------

~~Tue Sep 13 12:58:40 2022
	Info log: [+] Client disconnected 
-------------
