
~~Fri Sep  9 08:57:58 2022
	Info log: [+] Client Socket Created
-------------

~~Fri Sep  9 08:57:58 2022
	Info log: [+] Client bind to port
-------------

~~Fri Sep  9 08:57:58 2022
	Info log: [+] Client connected to the server
-------------

~~Fri Sep  9 08:59:23 2022
	Info log: [+] Client Socket Created
-------------

~~Fri Sep  9 08:59:23 2022
	Info log: [+] Client bind to port
-------------

~~Fri Sep  9 08:59:23 2022
	Info log: [+] Client connected to the server
-------------

~~Fri Sep  9 08:59:34 2022
	Info log: [+] Client Socket Created
-------------

~~Fri Sep  9 08:59:34 2022
	Info log: [+] Client bind to port
-------------

~~Fri Sep  9 08:59:34 2022
	Info log: [+] Client connected to the server
-------------

~~Fri Sep  9 09:02:13 2022
	Info log: [+] Client Socket Created
-------------

~~Fri Sep  9 09:02:13 2022
	Info log: [+] Client bind to port
-------------

~~Fri Sep  9 09:02:13 2022
	Info log: [+] Client connected to the server
-------------

~~Fri Sep  9 09:02:27 2022
	Info log: [+] Client Socket Created
-------------

~~Fri Sep  9 09:02:27 2022
	Info log: [+] Client bind to port
-------------

~~Fri Sep  9 09:02:27 2022
	Info log: [+] Client connected to the server
-------------

~~Fri Sep  9 09:02:51 2022
	Info log: [+] Client Socket Created
-------------

~~Fri Sep  9 09:02:51 2022
	Info log: [+] Client bind to port
-------------

~~Fri Sep  9 09:02:51 2022
	Info log: [+] Client connected to the server
-------------

~~Fri Sep  9 09:03:08 2022
	Info log: [+] Client Socket Created
-------------

~~Fri Sep  9 09:03:08 2022
	Info log: [+] Client bind to port
-------------

~~Fri Sep  9 09:03:08 2022
	Info log: [+] Client connected to the server
-------------
