
~~Fri Sep  9 05:40:10 2022
	Info log: [+] Server Socket Created
-------------

~~Fri Sep  9 05:40:10 2022
	Info log: [+] Server bind to the port
-------------

~~Fri Sep  9 05:40:10 2022
	Info log: [+] Server listening to the clients
-------------

~~Fri Sep  9 05:40:31 2022
	Info log: [+] Server accepts the client
-------------

~~Fri Sep  9 05:40:42 2022
	Info log: [+] Adding the client sockfds to the list
-------------

~~Fri Sep  9 05:41:05 2022
	Info log: [+] Server accepts the client
-------------

~~Fri Sep  9 05:41:09 2022
	Info log: [+] Adding the client sockfds to the list
-------------

~~Fri Sep  9 05:41:23 2022
	Info log: [+] Client disconnected 
-------------

~~Fri Sep  9 05:41:23 2022
	Info log: [+] Closing Socket with port  
-------------
