
~~Fri Sep  9 05:40:31 2022
	Info log: [+] Client Socket Created
-------------

~~Fri Sep  9 05:40:31 2022
	Info log: [+] Client bind to port
-------------

~~Fri Sep  9 05:40:31 2022
	Info log: [+] Client connected to the server
-------------

~~Fri Sep  9 05:41:05 2022
	Info log: [+] Client Socket Created
-------------

~~Fri Sep  9 05:41:05 2022
	Info log: [+] Client bind to port
-------------

~~Fri Sep  9 05:41:05 2022
	Info log: [+] Client connected to the server
-------------

~~Fri Sep  9 05:48:04 2022
	Info log: [+] Client Socket Created
-------------

~~Fri Sep  9 05:48:04 2022
	Info log: [+] Client bind to port
-------------

~~Fri Sep  9 05:48:04 2022
	Info log: [+] Client connected to the server
-------------

~~Fri Sep  9 05:48:36 2022
	Info log: [+] Client Socket Created
-------------

~~Fri Sep  9 05:48:36 2022
	Info log: [+] Client bind to port
-------------

~~Fri Sep  9 05:48:36 2022
	Info log: [+] Client connected to the server
-------------

~~Fri Sep  9 06:13:37 2022
	Info log: [+] Client Socket Created
-------------

~~Fri Sep  9 06:13:37 2022
	Info log: [+] Client bind to port
-------------

~~Fri Sep  9 06:13:37 2022
	Info log: [+] Client connected to the server
-------------

~~Fri Sep  9 06:14:10 2022
	Info log: [+] Client Socket Created
-------------

~~Fri Sep  9 06:14:10 2022
	Info log: [+] Client bind to port
-------------

~~Fri Sep  9 06:14:10 2022
	Info log: [+] Client connected to the server
-------------

~~Fri Sep  9 06:14:50 2022
	Info log: [+] Client Socket Created
-------------

~~Fri Sep  9 06:14:50 2022
	Info log: [+] Client bind to port
-------------

~~Fri Sep  9 06:14:50 2022
	Info log: [+] Client connected to the server
-------------

~~Fri Sep  9 06:18:01 2022
	Info log: [+] Client Socket Created
-------------

~~Fri Sep  9 06:18:01 2022
	Info log: [+] Client bind to port
-------------

~~Fri Sep  9 06:18:01 2022
	Info log: [+] Client connected to the server
-------------

~~Fri Sep  9 06:18:17 2022
	Info log: [+] Client Socket Created
-------------

~~Fri Sep  9 06:18:17 2022
	Info log: [+] Client bind to port
-------------

~~Fri Sep  9 06:18:17 2022
	Info log: [+] Client connected to the server
-------------

~~Fri Sep  9 06:25:03 2022
	Info log: [+] Client Socket Created
-------------

~~Fri Sep  9 06:25:03 2022
	Info log: [+] Client bind to port
-------------

~~Fri Sep  9 06:25:03 2022
	Info log: [+] Client connected to the server
-------------

~~Fri Sep  9 06:25:42 2022
	Info log: [+] Client Socket Created
-------------

~~Fri Sep  9 06:25:42 2022
	Info log: [+] Client bind to port
-------------

~~Fri Sep  9 06:25:42 2022
	Info log: [+] Client connected to the server
-------------

~~Fri Sep  9 06:26:01 2022
	Info log: [+] Client Socket Created
-------------

~~Fri Sep  9 06:26:01 2022
	Info log: [+] Client bind to port
-------------

~~Fri Sep  9 06:26:01 2022
	Fatal log: connect() error: 
-------------

~~Fri Sep  9 06:26:23 2022
	Info log: [+] Client Socket Created
-------------

~~Fri Sep  9 06:26:23 2022
	Info log: [+] Client bind to port
-------------

~~Fri Sep  9 06:26:23 2022
	Info log: [+] Client connected to the server
-------------

~~Fri Sep  9 06:26:31 2022
	Info log: [+] Client Socket Created
-------------

~~Fri Sep  9 06:26:31 2022
	Info log: [+] Client bind to port
-------------

~~Fri Sep  9 06:26:31 2022
	Fatal log: connect() error: 
-------------

~~Fri Sep  9 06:27:04 2022
	Info log: [+] Client Socket Created
-------------

~~Fri Sep  9 06:27:04 2022
	Info log: [+] Client bind to port
-------------

~~Fri Sep  9 06:27:04 2022
	Info log: [+] Client connected to the server
-------------

~~Fri Sep  9 06:27:13 2022
	Info log: [+] Client Socket Created
-------------

~~Fri Sep  9 06:27:13 2022
	Info log: [+] Client bind to port
-------------

~~Fri Sep  9 06:27:13 2022
	Fatal log: connect() error: 
-------------

~~Fri Sep  9 06:27:15 2022
	Info log: [+] Client Socket Created
-------------

~~Fri Sep  9 06:27:15 2022
	Info log: [+] Client bind to port
-------------

~~Fri Sep  9 06:27:15 2022
	Fatal log: connect() error: 
-------------

~~Fri Sep  9 06:28:12 2022
	Info log: [+] Client Socket Created
-------------

~~Fri Sep  9 06:28:12 2022
	Info log: [+] Client bind to port
-------------

~~Fri Sep  9 06:28:12 2022
	Info log: [+] Client connected to the server
-------------

~~Fri Sep  9 06:28:22 2022
	Info log: [+] Client Socket Created
-------------

~~Fri Sep  9 06:28:22 2022
	Info log: [+] Client bind to port
-------------

~~Fri Sep  9 06:28:22 2022
	Info log: [+] Client connected to the server
-------------

~~Fri Sep  9 06:36:22 2022
	Info log: [+] Client Socket Created
-------------

~~Fri Sep  9 06:36:22 2022
	Info log: [+] Client bind to port
-------------

~~Fri Sep  9 06:36:22 2022
	Info log: [+] Client connected to the server
-------------

~~Fri Sep  9 06:36:32 2022
	Info log: [+] Client Socket Created
-------------

~~Fri Sep  9 06:36:32 2022
	Info log: [+] Client bind to port
-------------

~~Fri Sep  9 06:36:32 2022
	Info log: [+] Client connected to the server
-------------

~~Fri Sep  9 06:38:05 2022
	Info log: [+] Client Socket Created
-------------

~~Fri Sep  9 06:38:05 2022
	Info log: [+] Client bind to port
-------------

~~Fri Sep  9 06:38:05 2022
	Info log: [+] Client connected to the server
-------------

~~Fri Sep  9 06:38:22 2022
	Info log: [+] Client Socket Created
-------------

~~Fri Sep  9 06:38:22 2022
	Info log: [+] Client bind to port
-------------

~~Fri Sep  9 06:38:22 2022
	Info log: [+] Client connected to the server
-------------

~~Fri Sep  9 06:39:26 2022
	Info log: [+] Client Socket Created
-------------

~~Fri Sep  9 06:39:26 2022
	Info log: [+] Client bind to port
-------------

~~Fri Sep  9 06:39:26 2022
	Info log: [+] Client connected to the server
-------------

~~Fri Sep  9 06:39:41 2022
	Info log: [+] Client Socket Created
-------------

~~Fri Sep  9 06:39:41 2022
	Info log: [+] Client bind to port
-------------

~~Fri Sep  9 06:39:41 2022
	Info log: [+] Client connected to the server
-------------

~~Fri Sep  9 09:00:46 2022
	Info log: [+] Client Socket Created
-------------

~~Fri Sep  9 09:00:46 2022
	Info log: [+] Client bind to port
-------------

~~Fri Sep  9 09:00:46 2022
	Info log: [+] Client connected to the server
-------------

~~Fri Sep  9 09:18:19 2022
	Info log: [+] Client Socket Created
-------------

~~Fri Sep  9 09:18:19 2022
	Info log: [+] Client bind to port
-------------

~~Fri Sep  9 09:18:19 2022
	Info log: [+] Client connected to the server
-------------

~~Fri Sep  9 09:21:06 2022
	Info log: [+] Client Socket Created
-------------

~~Fri Sep  9 09:21:06 2022
	Info log: [+] Client bind to port
-------------

~~Fri Sep  9 09:21:06 2022
	Info log: [+] Client connected to the server
-------------

~~Fri Sep  9 09:21:14 2022
	Info log: [+] Client Socket Created
-------------

~~Fri Sep  9 09:21:14 2022
	Info log: [+] Client bind to port
-------------

~~Fri Sep  9 09:21:14 2022
	Info log: [+] Client connected to the server
-------------

~~Fri Sep  9 09:21:58 2022
	Info log: [+] Client Socket Created
-------------

~~Fri Sep  9 09:21:58 2022
	Info log: [+] Client bind to port
-------------

~~Fri Sep  9 09:21:58 2022
	Info log: [+] Client connected to the server
-------------

~~Fri Sep  9 09:22:26 2022
	Info log: [+] Client Socket Created
-------------

~~Fri Sep  9 09:22:26 2022
	Info log: [+] Client bind to port
-------------

~~Fri Sep  9 09:22:26 2022
	Info log: [+] Client connected to the server
-------------
