
~~Fri Sep  9 05:40:10 2022
	Info log: [+] Server Socket Created
-------------

~~Fri Sep  9 05:40:10 2022
	Info log: [+] Server bind to the port
-------------

~~Fri Sep  9 05:40:10 2022
	Info log: [+] Server listening to the clients
-------------

~~Fri Sep  9 05:40:31 2022
	Info log: [+] Server accepts the client
-------------

~~Fri Sep  9 05:40:42 2022
	Info log: [+] Adding the client sockfds to the list
-------------

~~Fri Sep  9 05:41:05 2022
	Info log: [+] Server accepts the client
-------------

~~Fri Sep  9 05:41:09 2022
	Info log: [+] Adding the client sockfds to the list
-------------

~~Fri Sep  9 05:41:23 2022
	Info log: [+] Client disconnected 
-------------

~~Fri Sep  9 05:41:23 2022
	Info log: [+] Closing Socket with port  
-------------

~~Fri Sep  9 05:47:41 2022
	Info log: [+] Server Socket Created
-------------

~~Fri Sep  9 05:47:41 2022
	Info log: [+] Server bind to the port
-------------

~~Fri Sep  9 05:47:41 2022
	Info log: [+] Server listening to the clients
-------------

~~Fri Sep  9 05:48:04 2022
	Info log: [+] Server accepts the client
-------------

~~Fri Sep  9 05:48:19 2022
	Info log: [+] Adding the client sockfds to the list
-------------

~~Fri Sep  9 05:48:36 2022
	Info log: [+] Server accepts the client
-------------

~~Fri Sep  9 05:48:42 2022
	Info log: [+] Adding the client sockfds to the list
-------------

~~Fri Sep  9 05:48:53 2022
	Info log: [+] Client disconnected 
-------------

~~Fri Sep  9 05:48:53 2022
	Info log: [+] Closing Socket with port  
-------------

~~Fri Sep  9 06:13:27 2022
	Info log: [+] Server Socket Created
-------------

~~Fri Sep  9 06:13:27 2022
	Info log: [+] Server bind to the port
-------------

~~Fri Sep  9 06:13:27 2022
	Info log: [+] Server listening to the clients
-------------

~~Fri Sep  9 06:13:37 2022
	Info log: [+] Server accepts the client
-------------

~~Fri Sep  9 06:13:52 2022
	Info log: [+] Adding the client sockfds to the list
-------------

~~Fri Sep  9 06:13:52 2022
	Info log: [+] Client disconnected 
-------------

~~Fri Sep  9 06:13:52 2022
	Info log: [+] Closing Socket with port  
-------------

~~Fri Sep  9 06:14:10 2022
	Info log: [+] Server accepts the client
-------------

~~Fri Sep  9 06:14:30 2022
	Info log: [+] Adding the client sockfds to the list
-------------

~~Fri Sep  9 06:14:50 2022
	Info log: [+] Server accepts the client
-------------

~~Fri Sep  9 06:15:01 2022
	Info log: [+] Adding the client sockfds to the list
-------------

~~Fri Sep  9 06:15:19 2022
	Info log: [+] Client disconnected 
-------------

~~Fri Sep  9 06:15:19 2022
	Info log: [+] Closing Socket with port  
-------------

~~Fri Sep  9 06:15:21 2022
	Info log: [+] Client disconnected 
-------------

~~Fri Sep  9 06:15:21 2022
	Info log: [+] Closing Socket with port  
-------------

~~Fri Sep  9 06:17:56 2022
	Info log: [+] Server Socket Created
-------------

~~Fri Sep  9 06:17:56 2022
	Info log: [+] Server bind to the port
-------------

~~Fri Sep  9 06:17:56 2022
	Info log: [+] Server listening to the clients
-------------

~~Fri Sep  9 06:18:01 2022
	Info log: [+] Server accepts the client
-------------

~~Fri Sep  9 06:18:06 2022
	Info log: [+] Adding the client sockfds to the list
-------------

~~Fri Sep  9 06:18:17 2022
	Info log: [+] Server accepts the client
-------------

~~Fri Sep  9 06:18:21 2022
	Info log: [+] Adding the client sockfds to the list
-------------

~~Fri Sep  9 06:18:31 2022
	Info log: [+] Client disconnected 
-------------

~~Fri Sep  9 06:18:31 2022
	Info log: [+] Closing Socket with port  
-------------

~~Fri Sep  9 06:24:57 2022
	Info log: [+] Server Socket Created
-------------

~~Fri Sep  9 06:24:57 2022
	Info log: [+] Server bind to the port
-------------

~~Fri Sep  9 06:24:57 2022
	Info log: [+] Server listening to the clients
-------------

~~Fri Sep  9 06:25:03 2022
	Info log: [+] Server accepts the client
-------------

~~Fri Sep  9 06:25:07 2022
	Info log: [+] Adding the client sockfds to the list
-------------

~~Fri Sep  9 06:25:37 2022
	Info log: [+] Server Socket Created
-------------

~~Fri Sep  9 06:25:37 2022
	Info log: [+] Server bind to the port
-------------

~~Fri Sep  9 06:25:37 2022
	Info log: [+] Server listening to the clients
-------------

~~Fri Sep  9 06:25:42 2022
	Info log: [+] Server accepts the client
-------------

~~Fri Sep  9 06:25:44 2022
	Info log: [+] Adding the client sockfds to the list
-------------

~~Fri Sep  9 06:25:50 2022
	Info log: [+] Server Socket Created
-------------

~~Fri Sep  9 06:25:50 2022
	Info log: [+] Server bind to the port
-------------

~~Fri Sep  9 06:25:50 2022
	Info log: [+] Server listening to the clients
-------------

~~Fri Sep  9 06:26:17 2022
	Info log: [+] Server Socket Created
-------------

~~Fri Sep  9 06:26:17 2022
	Info log: [+] Server bind to the port
-------------

~~Fri Sep  9 06:26:17 2022
	Info log: [+] Server listening to the clients
-------------

~~Fri Sep  9 06:26:23 2022
	Info log: [+] Server accepts the client
-------------

~~Fri Sep  9 06:26:27 2022
	Info log: [+] Adding the client sockfds to the list
-------------

~~Fri Sep  9 06:26:58 2022
	Info log: [+] Server Socket Created
-------------

~~Fri Sep  9 06:26:58 2022
	Info log: [+] Server bind to the port
-------------

~~Fri Sep  9 06:26:58 2022
	Info log: [+] Server listening to the clients
-------------

~~Fri Sep  9 06:27:04 2022
	Info log: [+] Server accepts the client
-------------

~~Fri Sep  9 06:27:09 2022
	Info log: [+] Adding the client sockfds to the list
-------------

~~Fri Sep  9 06:28:08 2022
	Info log: [+] Server Socket Created
-------------

~~Fri Sep  9 06:28:08 2022
	Info log: [+] Server bind to the port
-------------

~~Fri Sep  9 06:28:08 2022
	Info log: [+] Server listening to the clients
-------------

~~Fri Sep  9 06:28:12 2022
	Info log: [+] Server accepts the client
-------------

~~Fri Sep  9 06:28:17 2022
	Info log: [+] Adding the client sockfds to the list
-------------

~~Fri Sep  9 06:28:22 2022
	Info log: [+] Server accepts the client
-------------

~~Fri Sep  9 06:28:29 2022
	Info log: [+] Adding the client sockfds to the list
-------------

~~Fri Sep  9 06:28:43 2022
	Info log: [+] Client disconnected 
-------------

~~Fri Sep  9 06:28:43 2022
	Info log: [+] Closing Socket 
-------------

~~Fri Sep  9 06:36:15 2022
	Info log: [+] Server Socket Created
-------------

~~Fri Sep  9 06:36:15 2022
	Info log: [+] Server bind to the port
-------------

~~Fri Sep  9 06:36:15 2022
	Info log: [+] Server listening to the clients
-------------

~~Fri Sep  9 06:36:22 2022
	Info log: [+] Server accepts the client
-------------

~~Fri Sep  9 06:36:26 2022
	Info log: [+] Adding the client sockfds to the list
-------------

~~Fri Sep  9 06:36:32 2022
	Info log: [+] Server accepts the client
-------------

~~Fri Sep  9 06:36:40 2022
	Info log: [+] Adding the client sockfds to the list
-------------

~~Fri Sep  9 06:36:56 2022
	Info log: [+] Client disconnected 
-------------

~~Fri Sep  9 06:36:56 2022
	Info log: [+] Closing Socket 
-------------

~~Fri Sep  9 06:37:01 2022
	Info log: [+] Client disconnected 
-------------

~~Fri Sep  9 06:37:01 2022
	Info log: [+] Closing Socket 
-------------

~~Fri Sep  9 06:37:59 2022
	Info log: [+] Server Socket Created
-------------

~~Fri Sep  9 06:37:59 2022
	Info log: [+] Server bind to the port
-------------

~~Fri Sep  9 06:37:59 2022
	Info log: [+] Server listening to the clients
-------------

~~Fri Sep  9 06:38:05 2022
	Info log: [+] Server accepts the client
-------------

~~Fri Sep  9 06:38:08 2022
	Info log: [+] Adding the client sockfds to the list
-------------

~~Fri Sep  9 06:38:22 2022
	Info log: [+] Server accepts the client
-------------

~~Fri Sep  9 06:38:31 2022
	Info log: [+] Adding the client sockfds to the list
-------------

~~Fri Sep  9 06:39:01 2022
	Info log: [+] Client disconnected 
-------------

~~Fri Sep  9 06:39:01 2022
	Info log: [+] Closing Socket 
-------------

~~Fri Sep  9 06:39:20 2022
	Info log: [+] Server Socket Created
-------------

~~Fri Sep  9 06:39:20 2022
	Info log: [+] Server bind to the port
-------------

~~Fri Sep  9 06:39:20 2022
	Info log: [+] Server listening to the clients
-------------

~~Fri Sep  9 06:39:26 2022
	Info log: [+] Server accepts the client
-------------

~~Fri Sep  9 06:39:30 2022
	Info log: [+] Adding the client sockfds to the list
-------------

~~Fri Sep  9 06:39:41 2022
	Info log: [+] Server accepts the client
-------------

~~Fri Sep  9 06:39:46 2022
	Info log: [+] Adding the client sockfds to the list
-------------

~~Fri Sep  9 06:40:03 2022
	Info log: [+] Client disconnected 
-------------

~~Fri Sep  9 06:40:03 2022
	Info log: [+] Closing Socket 
-------------

~~Fri Sep  9 08:51:20 2022
	Info log: [+] Server Socket Created
-------------

~~Fri Sep  9 08:51:20 2022
	Info log: [+] Server bind to the port
-------------

~~Fri Sep  9 08:51:20 2022
	Info log: [+] Server listening to the clients
-------------

~~Fri Sep  9 09:00:18 2022
	Info log: [+] Server Socket Created
-------------

~~Fri Sep  9 09:00:18 2022
	Info log: [+] Server bind to the port
-------------

~~Fri Sep  9 09:00:18 2022
	Info log: [+] Server listening to the clients
-------------

~~Fri Sep  9 09:00:46 2022
	Info log: [+] Server accepts the client
-------------

~~Fri Sep  9 09:01:03 2022
	Info log: [+] Adding the client sockfds to the list
-------------

~~Fri Sep  9 09:01:04 2022
	Info log: [+] Client disconnected 
-------------

~~Fri Sep  9 09:01:04 2022
	Info log: [+] Closing Socket 
-------------

~~Fri Sep  9 09:16:36 2022
	Info log: [+] Server Socket Created
-------------

~~Fri Sep  9 09:16:36 2022
	Info log: [+] Server bind to the port
-------------

~~Fri Sep  9 09:16:36 2022
	Info log: [+] Server listening to the clients
-------------

~~Fri Sep  9 09:17:12 2022
	Info log: [+] Server Socket Created
-------------

~~Fri Sep  9 09:17:12 2022
	Info log: [+] Server bind to the port
-------------

~~Fri Sep  9 09:17:12 2022
	Info log: [+] Server listening to the clients
-------------

~~Fri Sep  9 09:17:47 2022
	Info log: [+] Server Socket Created
-------------

~~Fri Sep  9 09:17:47 2022
	Info log: [+] Server bind to the port
-------------

~~Fri Sep  9 09:17:47 2022
	Info log: [+] Server listening to the clients
-------------

~~Fri Sep  9 09:18:19 2022
	Info log: [+] Server accepts the client
-------------

~~Fri Sep  9 09:18:33 2022
	Info log: [+] Adding the client sockfds to the list
-------------

~~Fri Sep  9 09:18:33 2022
	Info log: [+] Client disconnected 
-------------

~~Fri Sep  9 09:18:33 2022
	Info log: [+] Closing Socket 
-------------

~~Fri Sep  9 09:19:37 2022
	Info log: [+] Server Socket Created
-------------

~~Fri Sep  9 09:19:37 2022
	Info log: [+] Server bind to the port
-------------

~~Fri Sep  9 09:19:37 2022
	Info log: [+] Server listening to the clients
-------------

~~Fri Sep  9 09:20:56 2022
	Info log: [+] Server Socket Created
-------------

~~Fri Sep  9 09:20:56 2022
	Info log: [+] Server bind to the port
-------------

~~Fri Sep  9 09:20:56 2022
	Info log: [+] Server listening to the clients
-------------

~~Fri Sep  9 09:21:06 2022
	Info log: [+] Server accepts the client
-------------

~~Fri Sep  9 09:21:12 2022
	Info log: [+] Adding the client sockfds to the list
-------------

~~Fri Sep  9 09:21:12 2022
	Info log: [+] Client disconnected 
-------------

~~Fri Sep  9 09:21:12 2022
	Info log: [+] Closing Socket 
-------------

~~Fri Sep  9 09:21:14 2022
	Info log: [+] Server accepts the client
-------------

~~Fri Sep  9 09:21:21 2022
	Info log: [+] Adding the client sockfds to the list
-------------

~~Fri Sep  9 09:21:21 2022
	Info log: [+] Client disconnected 
-------------

~~Fri Sep  9 09:21:21 2022
	Info log: [+] Closing Socket 
-------------

~~Fri Sep  9 09:21:29 2022
	Info log: [+] Server Socket Created
-------------

~~Fri Sep  9 09:21:29 2022
	Info log: [+] Server bind to the port
-------------

~~Fri Sep  9 09:21:29 2022
	Info log: [+] Server listening to the clients
-------------

~~Fri Sep  9 09:21:58 2022
	Info log: [+] Server accepts the client
-------------

~~Fri Sep  9 09:22:05 2022
	Info log: [+] Adding the client sockfds to the list
-------------

~~Fri Sep  9 09:22:26 2022
	Info log: [+] Server accepts the client
-------------

~~Fri Sep  9 09:22:32 2022
	Info log: [+] Adding the client sockfds to the list
-------------

~~Fri Sep  9 09:22:44 2022
	Info log: [+] Client disconnected 
-------------

~~Fri Sep  9 09:22:44 2022
	Info log: [+] Closing Socket 
-------------
