
~~Wed Sep  7 16:17:45 2022
	Info log::[+] Server Socket Created
-------------

~~Wed Sep  7 16:17:45 2022
	Info log::[+] Server bind to port no:
-------------

~~Wed Sep  7 16:17:45 2022
	Info log::[+] Server listening to the clients
-------------

~~Wed Sep  7 16:17:48 2022
	Info log::[+] Server accepts the client
-------------

~~Wed Sep  7 16:18:03 2022
	Info log::[+] Adding the client sockfds to the list
-------------

~~Wed Sep  7 16:18:14 2022
	Info log::[+] Server accepts the client
-------------

~~Wed Sep  7 16:18:25 2022
	Info log::[+] Adding the client sockfds to the list
-------------
