
~~Fri Sep  9 04:52:11 2022
	Info log::[+] Client Socket Created
-------------

~~Fri Sep  9 04:52:11 2022
	Info log::[+] Client bind to port number and ip_address
-------------

~~Fri Sep  9 04:52:11 2022
	Info log::[+] Client connected to the server
-------------

~~Fri Sep  9 04:52:34 2022
	Info log::[+] Client Socket Created
-------------

~~Fri Sep  9 04:52:34 2022
	Info log::[+] Client bind to port number and ip_address
-------------

~~Fri Sep  9 04:52:34 2022
	Info log::[+] Client connected to the server
-------------

~~Fri Sep  9 04:54:04 2022
	Info log::[+] Client Socket Created
-------------

~~Fri Sep  9 04:54:04 2022
	Info log::[+] Client bind to port number and ip_address
-------------

~~Fri Sep  9 04:54:04 2022
	Info log::[+] Client connected to the server
-------------

~~Fri Sep  9 04:54:15 2022
	Info log::[+] Client Socket Created
-------------

~~Fri Sep  9 04:54:15 2022
	Info log::[+] Client bind to port number and ip_address
-------------

~~Fri Sep  9 04:54:15 2022
	Info log::[+] Client connected to the server
-------------

~~Fri Sep  9 04:54:30 2022
	Info log::[+] Client Socket Created
-------------

~~Fri Sep  9 04:54:30 2022
	Info log::[+] Client bind to port number and ip_address
-------------

~~Fri Sep  9 04:54:30 2022
	Info log::[+] Client connected to the server
-------------

~~Fri Sep  9 04:54:42 2022
	Info log::[+] Client Socket Created
-------------

~~Fri Sep  9 04:54:42 2022
	Info log::[+] Client bind to port number and ip_address
-------------

~~Fri Sep  9 04:54:42 2022
	Info log::[+] Client connected to the server
-------------

~~Fri Sep  9 04:55:17 2022
	Info log::[+] Client Socket Created
-------------

~~Fri Sep  9 04:55:17 2022
	Info log::[+] Client bind to port number and ip_address
-------------

~~Fri Sep  9 04:55:17 2022
	Info log::[+] Client connected to the server
-------------

~~Fri Sep  9 04:55:32 2022
	Info log::[+] Client Socket Created
-------------

~~Fri Sep  9 04:55:32 2022
	Info log::[+] Client bind to port number and ip_address
-------------

~~Fri Sep  9 04:55:32 2022
	Info log::[+] Client connected to the server
-------------

~~Fri Sep  9 05:23:36 2022
	Info log::[+] Client Socket Created
-------------

~~Fri Sep  9 05:23:36 2022
	Info log::[+] Client bind to port number and ip_address
-------------

~~Fri Sep  9 05:23:36 2022
	Info log::[+] Client connected to the server
-------------

~~Fri Sep  9 05:23:45 2022
	Info log::[+] Client Socket Created
-------------

~~Fri Sep  9 05:23:45 2022
	Info log::[+] Client bind to port number and ip_address
-------------

~~Fri Sep  9 05:23:45 2022
	Info log::[+] Client connected to the server
-------------

~~Fri Sep  9 05:30:43 2022
	Info log::[+] Client Socket Created
-------------

~~Fri Sep  9 05:30:43 2022
	Info log::[+] Client bind to port number and ip_address
-------------

~~Fri Sep  9 05:30:43 2022
	Info log::[+] Client connected to the server
-------------
