
~~Fri Sep  9 04:52:06 2022
	Info log::[+] Server Socket Created
-------------

~~Fri Sep  9 04:52:06 2022
	Info log::[+] Server bind to port number
-------------

~~Fri Sep  9 04:52:06 2022
	Info log::[+] Server listening to the clients
-------------

~~Fri Sep  9 04:52:11 2022
	Info log::[+] Server accepts the client
-------------

~~Fri Sep  9 04:52:23 2022
	Info log::[+] Adding the client sockfds to the list
-------------

~~Fri Sep  9 04:52:23 2022
	Info log::[+] Client disconnected 
-------------

~~Fri Sep  9 04:52:23 2022
	Info log::[+] Closing Socket 
-------------

~~Fri Sep  9 04:52:34 2022
	Info log::[+] Server accepts the client
-------------

~~Fri Sep  9 04:52:38 2022
	Info log::[+] Adding the client sockfds to the list
-------------

~~Fri Sep  9 04:52:38 2022
	Info log::[+] Client disconnected 
-------------

~~Fri Sep  9 04:52:38 2022
	Info log::[+] Closing Socket 
-------------

~~Fri Sep  9 04:54:00 2022
	Info log::[+] Server Socket Created
-------------

~~Fri Sep  9 04:54:00 2022
	Info log::[+] Server bind to port number
-------------

~~Fri Sep  9 04:54:00 2022
	Info log::[+] Server listening to the clients
-------------

~~Fri Sep  9 04:54:04 2022
	Info log::[+] Server accepts the client
-------------

~~Fri Sep  9 04:54:11 2022
	Info log::[+] Adding the client sockfds to the list
-------------

~~Fri Sep  9 04:54:11 2022
	Info log::[+] Client disconnected 
-------------

~~Fri Sep  9 04:54:11 2022
	Info log::[+] Closing Socket 
-------------

~~Fri Sep  9 04:54:15 2022
	Info log::[+] Server accepts the client
-------------

~~Fri Sep  9 04:54:26 2022
	Info log::[+] Adding the client sockfds to the list
-------------

~~Fri Sep  9 04:54:30 2022
	Info log::[+] Server accepts the client
-------------

~~Fri Sep  9 04:54:40 2022
	Info log::[+] Adding the client sockfds to the list
-------------

~~Fri Sep  9 04:54:40 2022
	Info log::[+] Client disconnected 
-------------

~~Fri Sep  9 04:54:40 2022
	Info log::[+] Closing Socket 
-------------

~~Fri Sep  9 04:54:42 2022
	Info log::[+] Server accepts the client
-------------

~~Fri Sep  9 04:54:50 2022
	Info log::[+] Adding the client sockfds to the list
-------------

~~Fri Sep  9 04:55:08 2022
	Info log::[+] Client disconnected 
-------------

~~Fri Sep  9 04:55:08 2022
	Info log::[+] Closing Socket 
-------------

~~Fri Sep  9 04:55:13 2022
	Info log::[+] Server Socket Created
-------------

~~Fri Sep  9 04:55:13 2022
	Info log::[+] Server bind to port number
-------------

~~Fri Sep  9 04:55:13 2022
	Info log::[+] Server listening to the clients
-------------

~~Fri Sep  9 04:55:17 2022
	Info log::[+] Server accepts the client
-------------

~~Fri Sep  9 04:55:27 2022
	Info log::[+] Adding the client sockfds to the list
-------------

~~Fri Sep  9 04:55:32 2022
	Info log::[+] Server accepts the client
-------------

~~Fri Sep  9 04:55:40 2022
	Info log::[+] Adding the client sockfds to the list
-------------
